<?xml version="1.0" encoding="UTF-8"?>
<testsuite xmlns:xsi="http://www.w3.org/2001/XMLSchema-instance" xsi:noNamespaceSchemaLocation="https://maven.apache.org/surefire/maven-surefire-plugin/xsd/surefire-test-report.xsd" version="3.0.2" name="org.acme.commerce.payment.PaymentServiceTest" time="0.042" tests="3" errors="0" skipped="0" failures="0" flakes="0">
  <properties>
[...]
</properties>
  <testcase name="declinesACardEndingInTheDeclineSuffix" classname="org.acme.commerce.payment.PaymentServiceTest" time="0.031"/>
  <testcase name="replaysTheFirstResultForaRepeatedIdempotencyKey" classname="org.acme.commerce.payment.PaymentServiceTest" time="0.004"/>
  <testcase name="approvesAnOrdinaryCard" classname="org.acme.commerce.payment.PaymentServiceTest" time="0.001"/>
</testsuite>