<?xml version="1.0" encoding="UTF-8"?>
<testsuite xmlns:xsi="http://www.w3.org/2001/XMLSchema-instance" xsi:noNamespaceSchemaLocation="https://maven.apache.org/surefire/maven-surefire-plugin/xsd/surefire-test-report.xsd" version="3.0.2" name="org.acme.storefront.payment.PaymentSimulatorTest" time="0.039" tests="6" errors="0" skipped="0" failures="0" flakes="0">
  <properties>
[...]
</properties>
  <testcase name="authorizationIsIdempotentByKey" classname="org.acme.storefront.payment.PaymentSimulatorTest" time="0.025"/>
  <testcase name="declinesReservedTestCard" classname="org.acme.storefront.payment.PaymentSimulatorTest" time="0.003"/>
  <testcase name="luhnAcceptsValidAndRejectsInvalid" classname="org.acme.storefront.payment.PaymentSimulatorTest" time="0.001"/>
  <testcase name="declinesAmountOverCeiling" classname="org.acme.storefront.payment.PaymentSimulatorTest" time="0.001"/>
  <testcase name="approvesValidCardWithinCeiling" classname="org.acme.storefront.payment.PaymentSimulatorTest" time="0.001"/>
  <testcase name="declinesCardFailingChecksum" classname="org.acme.storefront.payment.PaymentSimulatorTest" time="0.001"/>
</testsuite>